{
  "RSpec": {
    "coverage": {
      "/Users/kevinzang/Desktop/group_fitplan/app/models/user_profile.rb": [
        1,
        1,
        1,
        1,
        null,
        1,
        1,
        null,
        1,
        null,
        1,
        null,
        1,
        null,
        1,
        null,
        null,
        1,
        null,
        null,
        1,
        null,
        1,
        null,
        1,
        19,
        null,
        null,
        1,
        19,
        null,
        null,
        1,
        2,
        null,
        null,
        1,
        2,
        null,
        null,
        1,
        21,
        0,
        null,
        21,
        21,
        1,
        null,
        20,
        null,
        null,
        1,
        19,
        19,
        0,
        null,
        19,
        0,
        null,
        19,
        0,
        null,
        19,
        null,
        19,
        19,
        null,
        null,
        1,
        1,
        1,
        0,
        null,
        1,
        0,
        null,
        1,
        1,
        1,
        null,
        null,
        1,
        1,
        1,
        1,
        1,
        null,
        1,
        null,
        null,
        1,
        1,
        1,
        0,
        null,
        1,
        1,
        7,
        7,
        0,
        null,
        7,
        1,
        1,
        null,
        6,
        null,
        null,
        null,
        1,
        null,
        null,
        1,
        5,
        5,
        0,
        null,
        5,
        5,
        0,
        null,
        5,
        5,
        5,
        5,
        5,
        5,
        5,
        5,
        5,
        null,
        null,
        1,
        5,
        5,
        0,
        null,
        5,
        null,
        null,
        1,
        3,
        3,
        0,
        null,
        3,
        null,
        null,
        1,
        2,
        2,
        0,
        null,
        2,
        null,
        null,
        1,
        19,
        19,
        0,
        null,
        19,
        19,
        19,
        null,
        0,
        0,
        null,
        null,
        1,
        1,
        null,
        null,
        1,
        1,
        1,
        0,
        null,
        1,
        1,
        null,
        0,
        null,
        1,
        1,
        0,
        null,
        1,
        0,
        null,
        1,
        1,
        1,
        null,
        0,
        null,
        1,
        1,
        null,
        null,
        1,
        3,
        3,
        0,
        null,
        3,
        3,
        null,
        1,
        null,
        2,
        2,
        2,
        2,
        1,
        null,
        1,
        1,
        1,
        null,
        0,
        null,
        1,
        1,
        null,
        null,
        1,
        0,
        null,
        null,
        1,
        0,
        0,
        0,
        null,
        0,
        null,
        0,
        0,
        0,
        0,
        0,
        null,
        null,
        0,
        null,
        null,
        1,
        93,
        93,
        0,
        null,
        93,
        0,
        null,
        null,
        93,
        0,
        null,
        93,
        0,
        null,
        93,
        null,
        null,
        93,
        93,
        null,
        null,
        1,
        1,
        1,
        0,
        null,
        1,
        null,
        1,
        2,
        2,
        1,
        1,
        null,
        null,
        1,
        null,
        null,
        1,
        5,
        5,
        0,
        null,
        5,
        5,
        5,
        5,
        4,
        null,
        5,
        5,
        5,
        5,
        1,
        null,
        5,
        5,
        13,
        13,
        null,
        1,
        1,
        1,
        null,
        null,
        4,
        0,
        null,
        4,
        null,
        4,
        0,
        null,
        4,
        null,
        4,
        null,
        null,
        1,
        6,
        6,
        6,
        6,
        0,
        null,
        6,
        5,
        5,
        null,
        6,
        null,
        null,
        1,
        1,
        1,
        0,
        null,
        1,
        1,
        0,
        null,
        1,
        0,
        null,
        null,
        1,
        0,
        null,
        1,
        1,
        0,
        null,
        1,
        0,
        null,
        1,
        null,
        1,
        1,
        1,
        1,
        1,
        1,
        null,
        1,
        null,
        null,
        1,
        1,
        1,
        0,
        null,
        1,
        0,
        null,
        1,
        1,
        0,
        0,
        null,
        0,
        null,
        null,
        1,
        null,
        null,
        1,
        1,
        1,
        0,
        null,
        1,
        0,
        null,
        1,
        0,
        null,
        1,
        1,
        84,
        84,
        63,
        null,
        21,
        null,
        null,
        null,
        1,
        null,
        null,
        null,
        1,
        4,
        4,
        0,
        null,
        4,
        4,
        null,
        4,
        4,
        4,
        null,
        null,
        1,
        4,
        4,
        0,
        null,
        4,
        4,
        null,
        4,
        4,
        4,
        null,
        null,
        1,
        40,
        40,
        40,
        null,
        null,
        1,
        1,
        5,
        38,
        5,
        null,
        33,
        33,
        null,
        0,
        null,
        0,
        null,
        null,
        5,
        null,
        null,
        1,
        1,
        8,
        null,
        null,
        8,
        0,
        null,
        null,
        0,
        null,
        0,
        null,
        null,
        null,
        1,
        1,
        42,
        null,
        null
      ],
      "/Users/kevinzang/Desktop/group_fitplan/app/models/food_entry.rb": [
        1,
        null
      ],
      "/Users/kevinzang/Desktop/group_fitplan/app/models/workout_entry.rb": [
        1,
        1,
        null,
        null,
        null,
        null,
        null,
        null,
        null,
        null,
        null,
        null,
        null,
        null,
        null,
        null,
        null,
        null,
        null,
        null,
        null,
        null,
        null,
        null,
        null,
        null,
        null,
        null,
        null,
        null,
        null,
        null,
        null,
        null,
        null,
        null,
        null,
        null,
        null,
        null,
        null,
        null,
        null,
        null,
        null,
        null,
        null,
        null,
        null,
        null,
        null,
        null,
        null,
        null,
        null,
        null,
        null,
        null,
        null,
        null,
        null,
        null,
        null,
        null,
        null,
        null,
        null,
        null,
        null,
        null,
        null,
        null,
        null,
        null,
        null,
        null,
        null,
        null,
        null,
        null,
        null,
        null,
        null,
        null,
        null,
        null,
        null,
        null,
        null,
        null,
        null,
        null,
        null,
        null,
        null,
        null,
        null,
        null,
        null,
        null,
        null,
        null,
        null,
        null,
        null,
        null,
        null,
        null,
        null,
        null,
        null,
        null,
        null,
        null,
        null,
        null,
        null,
        null,
        null,
        null,
        null,
        null,
        null,
        null,
        null,
        null,
        null,
        null,
        null,
        null,
        null,
        null,
        null,
        null,
        null,
        null,
        null,
        null,
        null,
        null,
        null,
        null,
        null,
        null,
        null,
        null,
        null,
        null,
        null,
        null,
        null,
        null,
        null,
        null,
        null,
        null,
        null,
        null,
        null,
        null,
        null,
        null,
        null,
        null,
        null,
        null,
        null,
        null,
        null,
        null,
        null,
        null,
        null,
        null,
        null,
        null,
        null,
        null,
        null,
        null,
        null,
        null,
        null,
        null,
        null,
        null,
        null,
        null,
        null,
        null,
        null,
        null,
        null,
        null,
        null,
        null,
        null,
        null,
        null,
        null,
        null,
        null,
        null,
        null,
        null,
        null,
        null,
        null,
        null,
        null,
        null,
        null,
        null,
        null,
        null,
        null,
        null,
        null,
        null,
        null,
        null,
        null,
        null,
        null,
        null,
        null,
        null,
        null,
        null,
        null,
        null,
        null,
        null,
        null,
        null,
        null,
        null,
        null,
        null,
        null,
        null,
        null,
        null,
        null,
        null,
        null,
        null,
        null,
        null,
        null,
        null,
        null,
        null,
        1,
        5,
        null,
        null,
        1,
        7,
        null,
        null
      ],
      "/Users/kevinzang/Desktop/group_fitplan/app/models/food_search.rb": [
        1,
        1,
        1,
        1,
        null,
        5,
        5,
        5,
        5,
        null,
        null,
        1,
        null,
        null,
        null,
        3,
        3,
        3,
        null,
        3,
        3,
        3,
        0,
        null,
        3,
        3,
        3,
        3,
        3,
        3,
        75,
        75,
        75,
        48,
        null,
        75,
        75,
        75,
        75,
        75,
        75,
        75,
        75,
        75,
        75,
        null,
        3,
        null,
        null,
        null,
        1,
        null,
        null,
        2,
        2,
        0,
        null,
        2,
        2,
        null,
        2,
        2,
        0,
        null,
        2,
        2,
        2,
        2,
        2,
        null,
        null,
        2,
        2,
        0,
        null,
        2,
        2,
        2,
        2,
        2,
        2,
        2,
        32,
        null,
        2,
        2,
        2,
        2,
        2,
        2,
        2,
        2,
        null,
        null,
        null,
        null,
        1,
        1,
        1,
        0,
        null,
        1,
        null,
        null
      ],
      "/Users/kevinzang/Desktop/group_fitplan/app/models/weight_entry.rb": [
        1,
        1,
        1,
        1,
        1,
        1,
        null
      ],
      "/Users/kevinzang/Desktop/group_fitplan/app/controllers/fitplan_controller.rb": [
        1,
        1,
        1,
        1,
        1,
        null,
        1,
        null,
        1,
        null,
        null,
        null,
        1,
        null,
        1,
        0,
        null,
        1,
        1,
        1,
        1,
        1,
        1,
        null,
        1,
        1,
        null,
        null,
        1,
        null,
        1,
        0,
        null,
        1,
        1,
        1,
        1,
        1,
        1,
        null,
        1,
        1,
        null,
        null,
        1,
        null,
        1,
        1,
        1,
        1,
        null,
        null,
        1,
        null,
        1,
        1,
        0,
        null,
        1,
        null,
        null,
        1,
        null,
        1,
        1,
        0,
        null,
        1,
        1,
        0,
        null,
        1,
        1,
        1,
        null,
        null,
        1,
        null,
        3,
        3,
        1,
        null,
        2,
        2,
        2,
        0,
        null,
        2,
        null,
        null,
        null,
        1,
        null,
        1,
        1,
        0,
        null,
        1,
        1,
        1,
        null,
        null,
        null,
        null,
        1,
        null,
        1,
        0,
        null,
        1,
        1,
        0,
        null,
        1,
        null,
        null,
        1,
        null,
        1,
        1,
        0,
        null,
        1,
        0,
        null,
        1,
        1,
        null,
        1,
        null,
        null,
        1,
        3,
        3,
        0,
        null,
        3,
        3,
        null,
        null,
        1,
        1,
        1,
        0,
        null,
        1,
        1,
        1,
        null,
        0,
        null,
        null,
        null,
        1,
        1,
        1,
        0,
        null,
        1,
        0,
        null,
        1,
        1,
        1,
        null,
        null,
        1,
        5,
        5,
        0,
        null,
        5,
        5,
        5,
        5,
        null,
        5,
        null,
        5,
        null,
        5,
        5,
        null,
        null,
        1,
        1,
        1,
        0,
        null,
        1,
        null,
        1,
        1,
        0,
        0,
        null,
        1,
        1,
        null,
        1,
        null,
        null,
        1,
        null,
        null,
        1,
        1,
        0,
        null,
        1,
        0,
        null,
        1,
        null,
        1,
        null,
        null,
        1,
        1,
        1,
        0,
        null,
        1,
        1,
        1,
        null,
        null,
        1,
        0,
        0,
        null,
        0,
        0,
        null,
        0,
        0,
        0,
        0,
        0,
        0,
        0,
        0,
        null,
        0,
        null,
        0,
        0,
        0,
        0,
        null,
        0,
        null,
        null,
        0,
        0,
        0,
        null,
        0,
        0,
        null,
        0,
        0,
        0,
        0,
        null,
        0,
        null,
        0,
        0,
        0,
        null,
        0,
        null,
        null,
        null,
        1,
        1,
        7,
        7,
        0,
        null,
        7,
        17,
        0,
        null,
        null,
        7,
        null,
        null,
        1,
        1,
        21,
        21,
        1,
        null,
        null,
        20,
        null,
        null,
        null,
        null
      ],
      "/Users/kevinzang/Desktop/group_fitplan/app/controllers/application_controller.rb": [
        1,
        null,
        null,
        null,
        null
      ],
      "/Users/kevinzang/Desktop/group_fitplan/app/models/user_food.rb": [
        1,
        null
      ]
    },
    "timestamp": 1397842303
  }
}
