{
  "RSpec": {
    "coverage": {
      "/Users/kevinzang/Desktop/group_fitplan/app/controllers/UserProfileModel.rb": [
        1,
        1,
        1,
        null,
        1,
        null,
        1,
        null,
        1,
        null,
        1,
        null,
        null,
        1,
        null,
        null,
        1,
        null,
        1,
        22,
        null,
        null,
        1,
        20,
        null,
        null,
        1,
        2,
        null,
        null,
        1,
        23,
        23,
        1,
        null,
        22,
        2,
        null,
        20,
        1,
        null,
        19,
        19,
        19,
        null,
        null,
        1,
        4,
        4,
        1,
        null,
        3,
        1,
        null,
        2,
        null,
        null,
        1,
        4,
        4,
        2,
        null,
        2,
        2,
        0,
        null,
        2,
        2,
        2,
        2,
        2,
        2,
        null,
        null,
        1,
        4,
        20,
        20,
        null,
        1,
        null,
        1,
        null,
        null,
        2,
        null,
        null,
        1,
        8,
        8,
        0,
        null,
        8,
        8,
        9,
        null,
        8,
        null,
        null,
        1,
        3,
        3,
        1,
        null,
        2,
        2,
        4,
        4,
        2,
        null,
        null,
        2,
        null,
        null,
        1,
        18,
        0,
        null,
        18,
        18,
        1,
        null,
        17,
        0,
        null,
        17,
        17,
        17,
        null,
        null,
        null,
        1,
        4,
        4,
        1,
        null,
        3,
        3,
        5,
        null,
        3,
        3,
        3,
        2,
        2,
        null,
        null,
        3,
        3,
        null,
        null,
        1,
        3,
        null,
        null,
        1,
        null,
        2,
        2,
        0,
        null,
        2,
        2,
        6,
        6,
        4,
        null,
        null,
        2,
        null,
        null,
        1,
        2,
        2,
        0,
        null,
        2,
        null,
        null,
        1,
        null,
        17,
        null,
        null,
        1,
        24,
        null,
        null,
        1,
        60,
        null,
        null
      ],
      "/Users/kevinzang/Desktop/group_fitplan/app/controllers/FoodSearchModel.rb": [
        1,
        1,
        1,
        null,
        8,
        8,
        8,
        8,
        null,
        null,
        1,
        null,
        null,
        null,
        6,
        6,
        6,
        null,
        6,
        6,
        6,
        1,
        null,
        5,
        5,
        5,
        5,
        5,
        5,
        125,
        125,
        125,
        80,
        null,
        125,
        125,
        125,
        125,
        125,
        125,
        125,
        125,
        125,
        125,
        null,
        5,
        null,
        null,
        null,
        1,
        null,
        null,
        2,
        2,
        0,
        null,
        2,
        2,
        2,
        2,
        2,
        2,
        0,
        null,
        2,
        2,
        2,
        2,
        2,
        null,
        null,
        null,
        1,
        1,
        1,
        0,
        null,
        1,
        null,
        null
      ],
      "/Users/kevinzang/Desktop/group_fitplan/app/models/user_profile.rb": [
        1,
        1,
        null
      ],
      "/Users/kevinzang/Desktop/group_fitplan/spec/requests/fitplan_unit_spec.rb": [
        1,
        1,
        1,
        1,
        null,
        1,
        1,
        21,
        null,
        1,
        21,
        null,
        1,
        1,
        1,
        1,
        null,
        1,
        1,
        1,
        null,
        1,
        1,
        null,
        1,
        1,
        1,
        null,
        1,
        1,
        1,
        null,
        null,
        1,
        1,
        1,
        null,
        1,
        1,
        1,
        null,
        1,
        1,
        1,
        null,
        null,
        1,
        1,
        3,
        null,
        1,
        1,
        1,
        null,
        1,
        1,
        1,
        null,
        1,
        1,
        1,
        null,
        null,
        1,
        1,
        1,
        1,
        1,
        null,
        1,
        1,
        1,
        1,
        null,
        null,
        1,
        1,
        1,
        1,
        1,
        1,
        null,
        null,
        1,
        1,
        1,
        null,
        1,
        1,
        1,
        1,
        1,
        1,
        1,
        1,
        null,
        null,
        1,
        1,
        1,
        null,
        1,
        1,
        1,
        1,
        1,
        1,
        1,
        1,
        1,
        null,
        1,
        1,
        1,
        1,
        1,
        1,
        1,
        null,
        null,
        1,
        1,
        1,
        1,
        1,
        1,
        1,
        1,
        1,
        1,
        1,
        1,
        null,
        null,
        1,
        1,
        1,
        1,
        1,
        1,
        1,
        1,
        1,
        1,
        1,
        null,
        null,
        null
      ],
      "/Users/kevinzang/Desktop/group_fitplan/app/models/food_search.rb": [
        1,
        null
      ],
      "/Users/kevinzang/Desktop/group_fitplan/app/controllers/fitplan_controller.rb": [
        1,
        1,
        1,
        1,
        null,
        1,
        null,
        1,
        null,
        null,
        null,
        1,
        null,
        1,
        0,
        null,
        1,
        1,
        1,
        1,
        1,
        1,
        null,
        null,
        1,
        null,
        1,
        0,
        null,
        1,
        1,
        1,
        1,
        1,
        1,
        null,
        null,
        1,
        null,
        null,
        null,
        1,
        null,
        1,
        1,
        0,
        null,
        1,
        1,
        1,
        null,
        null,
        1,
        null,
        1,
        1,
        1,
        0,
        null,
        1,
        null,
        null,
        null,
        1,
        null,
        1,
        1,
        1,
        null,
        null,
        null,
        null,
        1,
        null,
        1,
        0,
        null,
        1,
        1,
        0,
        null,
        1,
        null,
        null,
        1,
        null,
        1,
        0,
        null,
        1,
        1,
        1,
        1,
        1,
        null,
        null,
        1,
        1,
        0,
        null,
        1,
        1,
        1,
        null,
        null,
        1,
        1,
        1,
        1,
        null,
        null,
        1,
        0,
        0,
        null,
        0,
        0,
        null,
        0,
        0,
        0,
        0,
        0,
        0,
        0,
        0,
        null,
        0,
        null,
        0,
        0,
        0,
        0,
        null,
        0,
        null,
        null,
        0,
        0,
        0,
        0,
        0,
        0,
        0,
        null,
        0,
        null,
        0,
        null,
        0,
        null,
        null,
        null,
        1,
        1,
        6,
        6,
        0,
        null,
        6,
        13,
        0,
        null,
        null,
        6,
        null,
        null
      ],
      "/Users/kevinzang/Desktop/group_fitplan/app/controllers/application_controller.rb": [
        1,
        null,
        null,
        null,
        null
      ]
    },
    "timestamp": 1394826869
  }
}
